[Train] global_step=26112
avg_episodic_return=-0.530582070350647
max_episodic_return=-0.4428907036781311
avg_episodic_length=51.0

[Train] global_step=52224
avg_episodic_return=-0.5302922129631042
max_episodic_return=-0.44199225306510925
avg_episodic_length=51.0

[Train] global_step=78336
avg_episodic_return=-0.5272876024246216
max_episodic_return=-0.43781256675720215
avg_episodic_length=51.0

--------------------------------------------[test] episodic_return=-0.46000000000000013
avg_episodic_return=-0.47680000000000006
max_episodic_return=-0.46000000000000013
avg_episodic_length=51.0
tau=-0.770800627943485
rho=-0.7660527625684419
--------------------------------------------

[Train] global_step=104448
avg_episodic_return=-0.5317469835281372
max_episodic_return=-0.44617193937301636
avg_episodic_length=51.0

[Train] global_step=130560
avg_episodic_return=-0.5311554670333862
max_episodic_return=-0.4430469274520874
avg_episodic_length=51.0

[Train] global_step=156672
avg_episodic_return=-0.5287805199623108
max_episodic_return=-0.43992194533348083
avg_episodic_length=51.0

--------------------------------------------[test] episodic_return=-0.54
avg_episodic_return=-0.5532
max_episodic_return=-0.54
avg_episodic_length=51.0
tau=-0.7237048665620093
rho=-0.7514819675098419
--------------------------------------------

[Train] global_step=182784
avg_episodic_return=-0.5243477821350098
max_episodic_return=-0.43656256794929504
avg_episodic_length=51.0

[Train] global_step=208896
avg_episodic_return=-0.5248203277587891
max_episodic_return=-0.4346875548362732
avg_episodic_length=51.0

[Train] global_step=235008
avg_episodic_return=-0.5239602327346802
max_episodic_return=-0.4351953864097595
avg_episodic_length=51.0

--------------------------------------------[test] episodic_return=-0.8400000000000005
avg_episodic_return=-0.8440000000000005
max_episodic_return=-0.8400000000000005
avg_episodic_length=51.0
tau=-0.8273155416012559
rho=-0.7720258835241414
--------------------------------------------

[Train] global_step=261120
avg_episodic_return=-0.5243992805480957
max_episodic_return=-0.43628913164138794
avg_episodic_length=51.0

[Train] global_step=287232
avg_episodic_return=-0.5324960947036743
max_episodic_return=-0.4452734887599945
avg_episodic_length=51.0

[Train] global_step=313344
avg_episodic_return=-0.5358461141586304
max_episodic_return=-0.4503125548362732
avg_episodic_length=51.0

--------------------------------------------[test] episodic_return=-0.8200000000000004
avg_episodic_return=-0.8256000000000004
max_episodic_return=-0.8200000000000004
avg_episodic_length=51.0
tau=-0.8288854003139717
rho=-0.7722973890221277
--------------------------------------------

[Train] global_step=339456
avg_episodic_return=-0.5294828414916992
max_episodic_return=-0.44117194414138794
avg_episodic_length=51.0

[Train] global_step=365568
avg_episodic_return=-0.5305860042572021
max_episodic_return=-0.44226568937301636
avg_episodic_length=51.0

[Train] global_step=391680
avg_episodic_return=-0.5291508436203003
max_episodic_return=-0.4409375786781311
avg_episodic_length=51.0

--------------------------------------------[test] episodic_return=-0.7600000000000002
avg_episodic_return=-0.7660000000000001
max_episodic_return=-0.7600000000000002
avg_episodic_length=51.0
tau=-0.814756671899529
rho=-0.7708493596995338
--------------------------------------------

[Train] global_step=417792
avg_episodic_return=-0.5352782011032104
max_episodic_return=-0.447812557220459
avg_episodic_length=51.0

[Train] global_step=443904
avg_episodic_return=-0.5337320566177368
max_episodic_return=-0.44578129053115845
avg_episodic_length=51.0

[Train] global_step=470016
avg_episodic_return=-0.5369648933410645
max_episodic_return=-0.44996100664138794
avg_episodic_length=51.0

--------------------------------------------[test] episodic_return=-0.8800000000000006
avg_episodic_return=-0.8832000000000007
max_episodic_return=-0.8800000000000006
avg_episodic_length=51.0
tau=-0.836734693877551
rho=-0.7731119055160868
--------------------------------------------

[Train] global_step=496128
avg_episodic_return=-0.5348672866821289
max_episodic_return=-0.4469141364097595
avg_episodic_length=51.0

[Train] global_step=522240
avg_episodic_return=-0.5332391262054443
max_episodic_return=-0.4453125596046448
avg_episodic_length=51.0

[Train] global_step=548352
avg_episodic_return=-0.5395781993865967
max_episodic_return=-0.45273441076278687
avg_episodic_length=51.0

--------------------------------------------[test] episodic_return=-0.8600000000000004
avg_episodic_return=-0.8640000000000003
max_episodic_return=-0.8600000000000004
avg_episodic_length=51.0
tau=-0.8335949764521192
rho=-0.7727498981854383
--------------------------------------------

[Train] global_step=574464
avg_episodic_return=-0.5349094271659851
max_episodic_return=-0.44390633702278137
avg_episodic_length=51.0

[Train] global_step=600576
avg_episodic_return=-0.5412899255752563
max_episodic_return=-0.45152348279953003
avg_episodic_length=51.0

[Train] global_step=626688
avg_episodic_return=-0.5375984907150269
max_episodic_return=-0.44941413402557373
avg_episodic_length=51.0

--------------------------------------------[test] episodic_return=-0.9000000000000005
avg_episodic_return=-0.9032000000000002
max_episodic_return=-0.9000000000000005
avg_episodic_length=51.0
tau=-0.8414442700156985
rho=-0.7735644146793973
--------------------------------------------

[Train] global_step=652800
avg_episodic_return=-0.5377539396286011
max_episodic_return=-0.4490234851837158
avg_episodic_length=51.0

[Train] global_step=678912
avg_episodic_return=-0.5377680063247681
max_episodic_return=-0.4480469226837158
avg_episodic_length=51.0

[Train] global_step=705024
avg_episodic_return=-0.5383508205413818
max_episodic_return=-0.4498828649520874
avg_episodic_length=51.0

--------------------------------------------[test] episodic_return=-0.9000000000000005
avg_episodic_return=-0.9032000000000002
max_episodic_return=-0.9000000000000005
avg_episodic_length=51.0
tau=-0.8414442700156985
rho=-0.7735644146793973
--------------------------------------------

[Train] global_step=731136
avg_episodic_return=-0.5364938378334045
max_episodic_return=-0.4498828947544098
avg_episodic_length=51.0

[Train] global_step=757248
avg_episodic_return=-0.539775013923645
max_episodic_return=-0.45250004529953003
avg_episodic_length=51.0

[Train] global_step=783360
avg_episodic_return=-0.5375727415084839
max_episodic_return=-0.4503125548362732
avg_episodic_length=51.0

--------------------------------------------[test] episodic_return=-0.9000000000000005
avg_episodic_return=-0.9032000000000002
max_episodic_return=-0.9000000000000005
avg_episodic_length=51.0
tau=-0.8414442700156985
rho=-0.7735644146793973
--------------------------------------------

[Train] global_step=809472
avg_episodic_return=-0.5362633466720581
max_episodic_return=-0.4486328661441803
avg_episodic_length=51.0

[Train] global_step=835584
avg_episodic_return=-0.5351453423500061
max_episodic_return=-0.4467969238758087
avg_episodic_length=51.0

[Train] global_step=861696
avg_episodic_return=-0.5383148789405823
max_episodic_return=-0.45007818937301636
avg_episodic_length=51.0

--------------------------------------------[test] episodic_return=-0.9000000000000005
avg_episodic_return=-0.9032000000000002
max_episodic_return=-0.9000000000000005
avg_episodic_length=51.0
tau=-0.8414442700156985
rho=-0.7735644146793973
--------------------------------------------

[Train] global_step=887808
avg_episodic_return=-0.5339070558547974
max_episodic_return=-0.4465234875679016
avg_episodic_length=51.0

[Train] global_step=913920
avg_episodic_return=-0.5379125475883484
max_episodic_return=-0.45148444175720215
avg_episodic_length=51.0

[Train] global_step=940032
avg_episodic_return=-0.5324914455413818
max_episodic_return=-0.4441406726837158
avg_episodic_length=51.0

--------------------------------------------[test] episodic_return=-0.9200000000000006
avg_episodic_return=-0.9224000000000007
max_episodic_return=-0.9200000000000006
avg_episodic_length=51.0
tau=-0.8430141287284144
rho=-0.7736549165120593
--------------------------------------------

[Train] global_step=966144
avg_episodic_return=-0.5389688014984131
max_episodic_return=-0.4518359899520874
avg_episodic_length=51.0

[Train] global_step=992256
avg_episodic_return=-0.5384734869003296
max_episodic_return=-0.45046883821487427
avg_episodic_length=51.0

[Train] global_step=1018368
avg_episodic_return=-0.5392594337463379
max_episodic_return=-0.45300787687301636
avg_episodic_length=51.0

--------------------------------------------[test] episodic_return=-0.9200000000000006
avg_episodic_return=-0.9224000000000007
max_episodic_return=-0.9200000000000006
avg_episodic_length=51.0
tau=-0.8430141287284144
rho=-0.7736549165120593
--------------------------------------------

[Train] global_step=1044480
avg_episodic_return=-0.5376187562942505
max_episodic_return=-0.44996100664138794
avg_episodic_length=51.0

[Train] global_step=1070592
avg_episodic_return=-0.536121129989624
max_episodic_return=-0.4474219083786011
avg_episodic_length=51.0

[Train] global_step=1096704
avg_episodic_return=-0.5393266081809998
max_episodic_return=-0.45148444175720215
avg_episodic_length=51.0

--------------------------------------------[test] episodic_return=-0.9600000000000005
avg_episodic_return=-0.9608000000000005
max_episodic_return=-0.9600000000000005
avg_episodic_length=51.0
tau=-0.846153846153846
rho=-0.7738359201773833
--------------------------------------------

[Train] global_step=1122816
avg_episodic_return=-0.5418000221252441
max_episodic_return=-0.45414069294929504
avg_episodic_length=51.0

[Train] global_step=1148928
avg_episodic_return=-0.5392438173294067
max_episodic_return=-0.4531250596046448
avg_episodic_length=51.0

[Train] global_step=1175040
avg_episodic_return=-0.5410469770431519
max_episodic_return=-0.45414069294929504
avg_episodic_length=51.0

--------------------------------------------[test] episodic_return=-0.9600000000000005
avg_episodic_return=-0.9608000000000005
max_episodic_return=-0.9600000000000005
avg_episodic_length=51.0
tau=-0.846153846153846
rho=-0.7738359201773833
--------------------------------------------

[Train] global_step=1201152
avg_episodic_return=-0.5353578329086304
max_episodic_return=-0.44546881318092346
avg_episodic_length=51.0

[Train] global_step=1227264
avg_episodic_return=-0.5416766405105591
max_episodic_return=-0.45527350902557373
avg_episodic_length=51.0

[Train] global_step=1253376
avg_episodic_return=-0.5401985049247742
max_episodic_return=-0.45300787687301636
avg_episodic_length=51.0

--------------------------------------------[test] episodic_return=-0.9600000000000005
avg_episodic_return=-0.9608000000000005
max_episodic_return=-0.9600000000000005
avg_episodic_length=51.0
tau=-0.846153846153846
rho=-0.7738359201773833
--------------------------------------------

[Train] global_step=1279488
avg_episodic_return=-0.5415546894073486
max_episodic_return=-0.4542188048362732
avg_episodic_length=51.0

[Train] global_step=1305600
avg_episodic_return=-0.5420039892196655
max_episodic_return=-0.4549219310283661
avg_episodic_length=51.0

[Train] global_step=1331712
avg_episodic_return=-0.5394437909126282
max_episodic_return=-0.4514453709125519
avg_episodic_length=51.0

--------------------------------------------[test] episodic_return=-0.9600000000000005
avg_episodic_return=-0.9608000000000005
max_episodic_return=-0.9600000000000005
avg_episodic_length=51.0
tau=-0.846153846153846
rho=-0.7738359201773833
--------------------------------------------

[Train] global_step=1357824
avg_episodic_return=-0.535873532295227
max_episodic_return=-0.4478906989097595
avg_episodic_length=51.0

[Train] global_step=1383936
avg_episodic_return=-0.539860188961029
max_episodic_return=-0.45285165309906006
avg_episodic_length=51.0

[Train] global_step=1410048
avg_episodic_return=-0.5361703634262085
max_episodic_return=-0.44925788044929504
avg_episodic_length=51.0

--------------------------------------------[test] episodic_return=-0.9200000000000006
avg_episodic_return=-0.9224000000000007
max_episodic_return=-0.9200000000000006
avg_episodic_length=51.0
tau=-0.8430141287284144
rho=-0.7736549165120593
--------------------------------------------

[Train] global_step=1436160
avg_episodic_return=-0.5409086346626282
max_episodic_return=-0.4532422423362732
avg_episodic_length=51.0

