[Train] global_step=26112
avg_episodic_return=-0.47525477409362793
max_episodic_return=-0.3875391483306885
avg_episodic_length=51.0

[Train] global_step=52224
avg_episodic_return=-0.47595322132110596
max_episodic_return=-0.3876563310623169
avg_episodic_length=51.0

[Train] global_step=78336
avg_episodic_return=-0.4750063419342041
max_episodic_return=-0.386289119720459
avg_episodic_length=51.0

--------------------------------------------[test] episodic_return=-0.4388000000000002
avg_episodic_return=-0.4664720000000001
tau_mean=-0.16213500784929355
rho_mean=-0.2426209330738947
tau_max=0.5321821036106749
rho_max=0.3474817865061768
--------------------------------------------

[Train] global_step=104448
avg_episodic_return=-0.47413915395736694
max_episodic_return=-0.38480475544929504
avg_episodic_length=51.0

[Train] global_step=130560
avg_episodic_return=-0.4746782183647156
max_episodic_return=-0.38589850068092346
avg_episodic_length=51.0

[Train] global_step=156672
avg_episodic_return=-0.47714149951934814
max_episodic_return=-0.3880469501018524
avg_episodic_length=51.0

--------------------------------------------[test] episodic_return=-0.43739999999999996
avg_episodic_return=-0.46323600000000015
tau_mean=-0.11485086342229196
rho_mean=-0.16396307525227385
tau_max=0.5431711145996859
rho_max=0.4435042309606769
--------------------------------------------

[Train] global_step=182784
avg_episodic_return=-0.4737243056297302
max_episodic_return=-0.3846094608306885
avg_episodic_length=51.0

[Train] global_step=208896
avg_episodic_return=-0.47894930839538574
max_episodic_return=-0.39093756675720215
avg_episodic_length=51.0

[Train] global_step=235008
avg_episodic_return=-0.47645866870880127
max_episodic_return=-0.38882821798324585
avg_episodic_length=51.0

--------------------------------------------[test] episodic_return=-0.42640000000000006
avg_episodic_return=-0.45032800000000006
tau_mean=-0.05207221350078491
rho_mean=-0.07754468527987692
tau_max=0.726844583987441
rho_max=0.6493959002669804
--------------------------------------------

[Train] global_step=261120
avg_episodic_return=-0.4739602208137512
max_episodic_return=-0.38492196798324585
avg_episodic_length=51.0

[Train] global_step=287232
avg_episodic_return=-0.4756547808647156
max_episodic_return=-0.38644540309906006
avg_episodic_length=51.0

[Train] global_step=313344
avg_episodic_return=-0.4765399098396301
max_episodic_return=-0.3879297375679016
avg_episodic_length=51.0

--------------------------------------------[test] episodic_return=-0.4352000000000001
avg_episodic_return=-0.46059200000000006
tau_mean=-0.03921507064364206
rho_mean=-0.061635368116204355
tau_max=0.726844583987441
rho_max=0.6493959002669804
--------------------------------------------

[Train] global_step=339456
avg_episodic_return=-0.4787563383579254
max_episodic_return=-0.3887500762939453
avg_episodic_length=51.0

[Train] global_step=365568
avg_episodic_return=-0.47694694995880127
max_episodic_return=-0.3884766399860382
avg_episodic_length=51.0

[Train] global_step=391680
avg_episodic_return=-0.47369617223739624
max_episodic_return=-0.3845704197883606
avg_episodic_length=51.0

--------------------------------------------[test] episodic_return=-0.44160000000000005
avg_episodic_return=-0.4666160000000001
tau_mean=-0.034662480376766086
rho_mean=-0.054771709127109824
tau_max=0.726844583987441
rho_max=0.6493959002669804
--------------------------------------------

[Train] global_step=417792
avg_episodic_return=-0.47483134269714355
max_episodic_return=-0.386640727519989
avg_episodic_length=51.0

[Train] global_step=443904
avg_episodic_return=-0.476385235786438
max_episodic_return=-0.38691413402557373
avg_episodic_length=51.0

[Train] global_step=470016
avg_episodic_return=-0.4714664816856384
max_episodic_return=-0.3830859959125519
avg_episodic_length=51.0

--------------------------------------------[test] episodic_return=-0.4448000000000001
avg_episodic_return=-0.4714960000000002
tau_mean=-0.03937205651491365
rho_mean=-0.06440472419566497
tau_max=0.6593406593406592
rho_max=0.5447757817095796
--------------------------------------------

[Train] global_step=496128
avg_episodic_return=-0.47111958265304565
max_episodic_return=-0.38203132152557373
avg_episodic_length=51.0

[Train] global_step=522240
avg_episodic_return=-0.4726235270500183
max_episodic_return=-0.38308602571487427
avg_episodic_length=51.0

[Train] global_step=548352
avg_episodic_return=-0.4736071228981018
max_episodic_return=-0.386289119720459
avg_episodic_length=51.0

--------------------------------------------[test] episodic_return=-0.4408000000000001
avg_episodic_return=-0.47055600000000003
tau_mean=-0.04431711145996859
rho_mean=-0.07552377935653197
tau_max=0.596546310832025
rho_max=0.444409249287298
--------------------------------------------

[Train] global_step=574464
avg_episodic_return=-0.46673130989074707
max_episodic_return=-0.3774610161781311
avg_episodic_length=51.0

[Train] global_step=600576
avg_episodic_return=-0.4731891453266144
max_episodic_return=-0.3837500810623169
avg_episodic_length=51.0

[Train] global_step=626688
avg_episodic_return=-0.46883681416511536
max_episodic_return=-0.3793751001358032
avg_episodic_length=51.0

--------------------------------------------[test] episodic_return=-0.42880000000000007
avg_episodic_return=-0.4603000000000001
tau_mean=-0.04334379905808476
rho_mean=-0.07548486356848726
tau_max=0.5996860282574568
rho_max=0.44468075478528435
--------------------------------------------

[Train] global_step=652800
avg_episodic_return=-0.4616297781467438
max_episodic_return=-0.37570318579673767
avg_episodic_length=51.0

[Train] global_step=678912
avg_episodic_return=-0.46529459953308105
max_episodic_return=-0.37714850902557373
avg_episodic_length=51.0

[Train] global_step=705024
avg_episodic_return=-0.4687008261680603
max_episodic_return=-0.38074225187301636
avg_episodic_length=51.0

--------------------------------------------[test] episodic_return=-0.42440000000000005
avg_episodic_return=-0.4575240000000001
tau_mean=-0.047158555729984286
rho_mean=-0.07795918367346938
tau_max=0.5996860282574568
rho_max=0.46640119462419116
--------------------------------------------

[Train] global_step=731136
avg_episodic_return=-0.4629032015800476
max_episodic_return=-0.3749219477176666
avg_episodic_length=51.0

[Train] global_step=757248
avg_episodic_return=-0.4624531865119934
max_episodic_return=-0.3758203983306885
avg_episodic_length=51.0

[Train] global_step=783360
avg_episodic_return=-0.4602821171283722
max_episodic_return=-0.3720703721046448
avg_episodic_length=51.0

--------------------------------------------[test] episodic_return=-0.4206000000000001
avg_episodic_return=-0.45257600000000003
tau_mean=-0.04981161695447407
rho_mean=-0.07874926467260963
tau_max=0.6656200941915227
rho_max=0.5454092945382143
--------------------------------------------

[Train] global_step=809472
avg_episodic_return=-0.4598844647407532
max_episodic_return=-0.37042975425720215
avg_episodic_length=51.0

[Train] global_step=835584
avg_episodic_return=-0.4558844566345215
max_episodic_return=-0.3682813048362732
avg_episodic_length=51.0

[Train] global_step=861696
avg_episodic_return=-0.4578969478607178
max_episodic_return=-0.371640682220459
avg_episodic_length=51.0

--------------------------------------------[test] episodic_return=-0.4204
avg_episodic_return=-0.45214
tau_mean=-0.052605965463108306
rho_mean=-0.08317480428978685
tau_max=0.5353218210361067
rho_max=0.46649169645685323
--------------------------------------------

[Train] global_step=887808
avg_episodic_return=-0.4583524167537689
max_episodic_return=-0.37128913402557373
avg_episodic_length=51.0

[Train] global_step=913920
avg_episodic_return=-0.4545477032661438
max_episodic_return=-0.3678125739097595
avg_episodic_length=51.0

[Train] global_step=940032
avg_episodic_return=-0.44697117805480957
max_episodic_return=-0.3601563274860382
avg_episodic_length=51.0

--------------------------------------------[test] episodic_return=-0.4074000000000001
avg_episodic_return=-0.4425400000000001
tau_mean=-0.055384615384615386
rho_mean=-0.08937689488212133
tau_max=0.5337519623233907
rho_max=0.4656771799628942
--------------------------------------------

[Train] global_step=966144
avg_episodic_return=-0.4481625556945801
max_episodic_return=-0.36148443818092346
avg_episodic_length=51.0

[Train] global_step=992256
avg_episodic_return=-0.44610947370529175
max_episodic_return=-0.35984379053115845
avg_episodic_length=51.0

[Train] global_step=1018368
avg_episodic_return=-0.446858674287796
max_episodic_return=-0.3601562976837158
avg_episodic_length=51.0

--------------------------------------------[test] episodic_return=-0.3848
avg_episodic_return=-0.425152
tau_mean=-0.04830455259026687
rho_mean=-0.08281370197746506
tau_max=0.5337519623233907
rho_max=0.46431965247296253
--------------------------------------------

[Train] global_step=1044480
avg_episodic_return=-0.4417992830276489
max_episodic_return=-0.3561328649520874
avg_episodic_length=51.0

[Train] global_step=1070592
avg_episodic_return=-0.44055867195129395
max_episodic_return=-0.35519540309906006
avg_episodic_length=51.0

[Train] global_step=1096704
avg_episodic_return=-0.4386070966720581
max_episodic_return=-0.3527734875679016
avg_episodic_length=51.0

--------------------------------------------[test] episodic_return=-0.3807999999999999
avg_episodic_return=-0.423356
tau_mean=-0.051020408163265314
rho_mean=-0.08918865107018417
tau_max=0.5337519623233907
rho_max=0.4598850626725191
--------------------------------------------

[Train] global_step=1122816
avg_episodic_return=-0.4327821135520935
max_episodic_return=-0.3466797471046448
avg_episodic_length=51.0

[Train] global_step=1148928
avg_episodic_return=-0.4314110279083252
max_episodic_return=-0.34546878933906555
avg_episodic_length=51.0

[Train] global_step=1175040
avg_episodic_return=-0.43451884388923645
max_episodic_return=-0.3494141101837158
avg_episodic_length=51.0

--------------------------------------------[test] episodic_return=-0.36719999999999997
avg_episodic_return=-0.41008800000000006
tau_mean=-0.058932496075353204
rho_mean=-0.10663468935245937
tau_max=0.5353218210361067
rho_max=0.362324087062763
--------------------------------------------

[Train] global_step=1201152
avg_episodic_return=-0.4263961613178253
max_episodic_return=-0.3412109613418579
avg_episodic_length=51.0

[Train] global_step=1227264
avg_episodic_return=-0.4247438311576843
max_episodic_return=-0.3399609923362732
avg_episodic_length=51.0

[Train] global_step=1253376
avg_episodic_return=-0.42087116837501526
max_episodic_return=-0.3343750536441803
avg_episodic_length=51.0

--------------------------------------------[test] episodic_return=-0.353
avg_episodic_return=-0.4005400000000001
tau_mean=-0.054081632653061214
rho_mean=-0.10604461740350243
tau_max=0.5368916797488226
rho_max=0.4215122856237839
--------------------------------------------

[Train] global_step=1279488
avg_episodic_return=-0.4147953987121582
max_episodic_return=-0.33039066195487976
avg_episodic_length=51.0

[Train] global_step=1305600
avg_episodic_return=-0.41128289699554443
max_episodic_return=-0.32882818579673767
avg_episodic_length=51.0

[Train] global_step=1331712
avg_episodic_return=-0.4107305407524109
max_episodic_return=-0.32609379291534424
avg_episodic_length=51.0

--------------------------------------------[test] episodic_return=-0.3299999999999999
avg_episodic_return=-0.3798120000000001
tau_mean=-0.06053375196232338
rho_mean=-0.1201936739218969
tau_max=0.5290423861852432
rho_max=0.462238110321734
--------------------------------------------

[Train] global_step=1357824
avg_episodic_return=-0.40632039308547974
max_episodic_return=-0.32316410541534424
avg_episodic_length=51.0

[Train] global_step=1383936
avg_episodic_return=-0.39933133125305176
max_episodic_return=-0.3169141113758087
avg_episodic_length=51.0

[Train] global_step=1410048
avg_episodic_return=-0.39575865864753723
max_episodic_return=-0.31433597207069397
avg_episodic_length=51.0

--------------------------------------------[test] episodic_return=-0.31639999999999996
avg_episodic_return=-0.36624400000000007
tau_mean=-0.06838304552590267
rho_mean=-0.1338504004706095
tau_max=0.5368916797488226
rho_max=0.4527354178922123
--------------------------------------------

[Train] global_step=1436160
avg_episodic_return=-0.3914766311645508
max_episodic_return=-0.3107813000679016
avg_episodic_length=51.0

[Train] global_step=1462272
avg_episodic_return=-0.3842586576938629
max_episodic_return=-0.3051953613758087
avg_episodic_length=51.0

[Train] global_step=1488384
avg_episodic_return=-0.38358521461486816
max_episodic_return=-0.3048047423362732
avg_episodic_length=51.0

--------------------------------------------[test] episodic_return=-0.29979999999999996
avg_episodic_return=-0.34730400000000006
tau_mean=-0.03956043956043955
rho_mean=-0.0988859224399294
tau_max=0.5368916797488226
rho_max=0.45689850219466943
--------------------------------------------

[Train] global_step=1514496
avg_episodic_return=-0.3773086369037628
max_episodic_return=-0.29777348041534424
avg_episodic_length=51.0

[Train] global_step=1540608
avg_episodic_return=-0.37355318665504456
max_episodic_return=-0.2952343821525574
avg_episodic_length=51.0

[Train] global_step=1566720
avg_episodic_return=-0.36833131313323975
max_episodic_return=-0.2903515696525574
avg_episodic_length=51.0

--------------------------------------------[test] episodic_return=-0.2874
avg_episodic_return=-0.336272
tau_mean=-0.04974882260596544
rho_mean=-0.11402325897099416
tau_max=0.5368916797488226
rho_max=0.4575320150233042
--------------------------------------------

[Train] global_step=1592832
avg_episodic_return=-0.3705297112464905
max_episodic_return=-0.29218751192092896
avg_episodic_length=51.0

[Train] global_step=1618944
avg_episodic_return=-0.361735999584198
max_episodic_return=-0.28605470061302185
avg_episodic_length=51.0

[Train] global_step=1645056
avg_episodic_return=-0.3562828600406647
max_episodic_return=-0.27976566553115845
avg_episodic_length=51.0

--------------------------------------------[test] episodic_return=-0.2784
avg_episodic_return=-0.3256560000000001
tau_mean=-0.04357927786499214
rho_mean=-0.10588442915969047
tau_max=0.5368916797488226
rho_max=0.45717000769265576
--------------------------------------------

[Train] global_step=1671168
avg_episodic_return=-0.3595101833343506
max_episodic_return=-0.2834375202655792
avg_episodic_length=51.0

[Train] global_step=1697280
avg_episodic_return=-0.3546992540359497
max_episodic_return=-0.27933594584465027
avg_episodic_length=51.0

[Train] global_step=1723392
avg_episodic_return=-0.34970003366470337
max_episodic_return=-0.2748437523841858
avg_episodic_length=51.0

--------------------------------------------[test] episodic_return=-0.272
avg_episodic_return=-0.318952
tau_mean=-0.033908948194662475
rho_mean=-0.09329652925471742
tau_max=0.5337519623233907
rho_max=0.47192180641657994
--------------------------------------------

[Train] global_step=1749504
avg_episodic_return=-0.34286800026893616
max_episodic_return=-0.2698047161102295
avg_episodic_length=51.0

[Train] global_step=1775616
avg_episodic_return=-0.337271124124527
max_episodic_return=-0.2640625238418579
avg_episodic_length=51.0

[Train] global_step=1801728
avg_episodic_return=-0.34000080823898315
max_episodic_return=-0.2664453089237213
avg_episodic_length=51.0

--------------------------------------------[test] episodic_return=-0.26459999999999995
avg_episodic_return=-0.30911600000000006
tau_mean=-0.020800627943485077
rho_mean=-0.07587492646726095
tau_max=0.5353218210361067
rho_max=0.35200687813928233
--------------------------------------------

[Train] global_step=1827840
avg_episodic_return=-0.3401203453540802
max_episodic_return=-0.2667578160762787
avg_episodic_length=51.0

[Train] global_step=1853952
avg_episodic_return=-0.33569690585136414
max_episodic_return=-0.2639843821525574
avg_episodic_length=51.0

[Train] global_step=1880064
avg_episodic_return=-0.33531486988067627
max_episodic_return=-0.2638281285762787
avg_episodic_length=51.0

--------------------------------------------[test] episodic_return=-0.25939999999999996
avg_episodic_return=-0.304064
tau_mean=-0.015023547880690736
rho_mean=-0.06664464455405221
tau_max=0.5353218210361067
rho_max=0.4862210959771935
--------------------------------------------

[Train] global_step=1906176
avg_episodic_return=-0.32899144291877747
max_episodic_return=-0.25832033157348633
avg_episodic_length=51.0

[Train] global_step=1932288
avg_episodic_return=-0.32078051567077637
max_episodic_return=-0.25171875953674316
avg_episodic_length=51.0

[Train] global_step=1958400
avg_episodic_return=-0.3246094286441803
max_episodic_return=-0.25464844703674316
avg_episodic_length=51.0

--------------------------------------------[test] episodic_return=-0.253
avg_episodic_return=-0.29758
tau_mean=-0.008555729984301414
rho_mean=-0.05759808136114755
tau_max=0.5353218210361067
rho_max=0.48585908864654503
--------------------------------------------

[Train] global_step=1984512
avg_episodic_return=-0.323656290769577
max_episodic_return=-0.25371092557907104
avg_episodic_length=51.0

[Train] global_step=2010624
avg_episodic_return=-0.32489609718322754
max_episodic_return=-0.2543359398841858
avg_episodic_length=51.0

[Train] global_step=2036736
avg_episodic_return=-0.321821928024292
max_episodic_return=-0.2533593773841858
avg_episodic_length=51.0

--------------------------------------------[test] episodic_return=-0.249
avg_episodic_return=-0.29153599999999996
tau_mean=0.0005494505494505481
rho_mean=-0.04511968867369563
tau_max=0.5353218210361067
rho_max=0.3584325082582922
--------------------------------------------

[Train] global_step=2062848
avg_episodic_return=-0.31647658348083496
max_episodic_return=-0.24839845299720764
avg_episodic_length=51.0

