[Train] global_step=26112
avg_episodic_return=-0.40929850935935974
max_episodic_return=-0.3339844346046448
avg_episodic_length=51.0

[Train] global_step=52224
avg_episodic_return=-0.4260649085044861
max_episodic_return=-0.3467969298362732
avg_episodic_length=51.0

[Train] global_step=78336
avg_episodic_return=-0.3898110091686249
max_episodic_return=-0.3177734911441803
avg_episodic_length=51.0

--------------------------------------------[test] episodic_return=-0.41780000000000006
avg_episodic_return=-0.44699200000000006
tau_mean=-0.09843014128728411
rho_mean=-0.14026426535137335
tau_max=0.5981161695447409
rho_max=0.5114711072899226
--------------------------------------------

[Train] global_step=104448
avg_episodic_return=-0.40535712242126465
max_episodic_return=-0.32996100187301636
avg_episodic_length=51.0

[Train] global_step=130560
avg_episodic_return=-0.3814258575439453
max_episodic_return=-0.3107813000679016
avg_episodic_length=51.0

[Train] global_step=156672
avg_episodic_return=-0.4085563123226166
max_episodic_return=-0.33289068937301636
avg_episodic_length=51.0

--------------------------------------------[test] episodic_return=-0.4576000000000001
avg_episodic_return=-0.4752320000000001
tau_mean=-0.10317111459968603
rho_mean=-0.08232137200778315
tau_max=0.95447409733124
rho_max=0.9881442599212633
--------------------------------------------

[Train] global_step=182784
avg_episodic_return=-0.3911086916923523
max_episodic_return=-0.31867194175720215
avg_episodic_length=51.0

[Train] global_step=208896
avg_episodic_return=-0.40814536809921265
max_episodic_return=-0.3318360149860382
avg_episodic_length=51.0

[Train] global_step=235008
avg_episodic_return=-0.40078288316726685
max_episodic_return=-0.32578128576278687
avg_episodic_length=51.0

--------------------------------------------[test] episodic_return=-0.458
avg_episodic_return=-0.4772240000000001
tau_mean=-0.07690737833594974
rho_mean=-0.05840535770849359
tau_max=0.95447409733124
rho_max=0.9881442599212633
--------------------------------------------

[Train] global_step=261120
avg_episodic_return=-0.3887180685997009
max_episodic_return=-0.3151172399520874
avg_episodic_length=51.0

[Train] global_step=287232
avg_episodic_return=-0.4011383652687073
max_episodic_return=-0.326718807220459
avg_episodic_length=51.0

[Train] global_step=313344
avg_episodic_return=-0.3978414535522461
max_episodic_return=-0.3232422471046448
avg_episodic_length=51.0

--------------------------------------------[test] episodic_return=-0.46040000000000014
avg_episodic_return=-0.48350400000000016
tau_mean=-0.05395604395604396
rho_mean=-0.03349201321326757
tau_max=0.9560439560439559
rho_max=0.989411285578533
--------------------------------------------

[Train] global_step=339456
avg_episodic_return=-0.3921852111816406
max_episodic_return=-0.31808599829673767
avg_episodic_length=51.0

[Train] global_step=365568
avg_episodic_return=-0.39172428846359253
max_episodic_return=-0.3185156583786011
avg_episodic_length=51.0

[Train] global_step=391680
avg_episodic_return=-0.3880711793899536
max_episodic_return=-0.31574225425720215
avg_episodic_length=51.0

--------------------------------------------[test] episodic_return=-0.4542000000000001
avg_episodic_return=-0.4755080000000001
tau_mean=-0.015290423861852434
rho_mean=0.009918095841440783
tau_max=0.9576138147566716
rho_max=0.9904973075704783
--------------------------------------------

[Train] global_step=417792
avg_episodic_return=-0.3995758593082428
max_episodic_return=-0.32410162687301636
avg_episodic_length=51.0

[Train] global_step=443904
avg_episodic_return=-0.3951945900917053
max_episodic_return=-0.31949225068092346
avg_episodic_length=51.0

[Train] global_step=470016
avg_episodic_return=-0.388068825006485
max_episodic_return=-0.3152344226837158
avg_episodic_length=51.0

--------------------------------------------[test] episodic_return=-0.4676000000000001
avg_episodic_return=-0.4891480000000001
tau_mean=0.013532182103610678
rho_mean=0.04813520973799719
tau_max=0.9576138147566716
rho_max=0.9904973075704783
--------------------------------------------

[Train] global_step=496128
avg_episodic_return=-0.4108610153198242
max_episodic_return=-0.33402350544929504
avg_episodic_length=51.0

[Train] global_step=522240
avg_episodic_return=-0.398007869720459
max_episodic_return=-0.3245703876018524
avg_episodic_length=51.0

[Train] global_step=548352
avg_episodic_return=-0.3870094418525696
max_episodic_return=-0.3146875500679016
avg_episodic_length=51.0

--------------------------------------------[test] episodic_return=-0.45920000000000016
avg_episodic_return=-0.48006400000000005
tau_mean=0.023312401883830453
rho_mean=0.060113127290827635
tau_max=0.9576138147566716
rho_max=0.9904973075704783
--------------------------------------------

[Train] global_step=574464
avg_episodic_return=-0.4087977111339569
max_episodic_return=-0.3317188024520874
avg_episodic_length=51.0

[Train] global_step=600576
avg_episodic_return=-0.3924039900302887
max_episodic_return=-0.31757819652557373
avg_episodic_length=51.0

[Train] global_step=626688
avg_episodic_return=-0.407257080078125
max_episodic_return=-0.3313281834125519
avg_episodic_length=51.0

--------------------------------------------[test] episodic_return=-0.4568000000000001
avg_episodic_return=-0.48194400000000015
tau_mean=0.029167974882260594
rho_mean=0.06543916014299289
tau_max=0.95447409733124
rho_max=0.990225802072492
--------------------------------------------

[Train] global_step=652800
avg_episodic_return=-0.3906062841415405
max_episodic_return=-0.3171875476837158
avg_episodic_length=51.0

[Train] global_step=678912
avg_episodic_return=-0.3992156982421875
max_episodic_return=-0.32382819056510925
avg_episodic_length=51.0

[Train] global_step=705024
avg_episodic_return=-0.380679726600647
max_episodic_return=-0.31003910303115845
avg_episodic_length=51.0

--------------------------------------------[test] episodic_return=-0.4538
avg_episodic_return=-0.48009200000000013
tau_mean=0.03701726844583987
rho_mean=0.0729490022172949
tau_max=0.95447409733124
rho_max=0.990225802072492
--------------------------------------------

[Train] global_step=731136
avg_episodic_return=-0.39293912053108215
max_episodic_return=-0.3185938000679016
avg_episodic_length=51.0

[Train] global_step=757248
avg_episodic_return=-0.3999742865562439
max_episodic_return=-0.3258203864097595
avg_episodic_length=51.0

[Train] global_step=783360
avg_episodic_return=-0.38667193055152893
max_episodic_return=-0.31335943937301636
avg_episodic_length=51.0

--------------------------------------------[test] episodic_return=-0.4544
avg_episodic_return=-0.4806000000000001
tau_mean=0.048979591836734684
rho_mean=0.0842744015566315
tau_max=0.9560439560439559
rho_max=0.990316303905154
--------------------------------------------

[Train] global_step=809472
avg_episodic_return=-0.3910539746284485
max_episodic_return=-0.317929744720459
avg_episodic_length=51.0

[Train] global_step=835584
avg_episodic_return=-0.38124769926071167
max_episodic_return=-0.3112109899520874
avg_episodic_length=51.0

[Train] global_step=861696
avg_episodic_return=-0.40501880645751953
max_episodic_return=-0.3292578458786011
avg_episodic_length=51.0

--------------------------------------------[test] episodic_return=-0.4462
avg_episodic_return=-0.47390400000000005
tau_mean=0.05989010989010987
rho_mean=0.0948269152450337
tau_max=0.9560439560439559
rho_max=0.990316303905154
--------------------------------------------

[Train] global_step=887808
avg_episodic_return=-0.3966321051120758
max_episodic_return=-0.32164067029953003
avg_episodic_length=51.0

[Train] global_step=913920
avg_episodic_return=-0.394311785697937
max_episodic_return=-0.3201172351837158
avg_episodic_length=51.0

[Train] global_step=940032
avg_episodic_return=-0.3901360034942627
max_episodic_return=-0.3170703649520874
avg_episodic_length=51.0

--------------------------------------------[test] episodic_return=-0.44620000000000004
avg_episodic_return=-0.4749600000000001
tau_mean=0.0657927786499215
rho_mean=0.09767410290058372
tau_max=0.9560439560439559
rho_max=0.990316303905154
--------------------------------------------

[Train] global_step=966144
avg_episodic_return=-0.38987740874290466
max_episodic_return=-0.3170703649520874
avg_episodic_length=51.0

[Train] global_step=992256
avg_episodic_return=-0.3899500370025635
max_episodic_return=-0.3158203959465027
avg_episodic_length=51.0

[Train] global_step=1018368
avg_episodic_return=-0.3956969380378723
max_episodic_return=-0.32214850187301636
avg_episodic_length=51.0

--------------------------------------------[test] episodic_return=-0.442
avg_episodic_return=-0.4712600000000002
tau_mean=0.07062794348508633
rho_mean=0.10113760803656273
tau_max=0.9560439560439559
rho_max=0.990316303905154
--------------------------------------------

[Train] global_step=1044480
avg_episodic_return=-0.38035476207733154
max_episodic_return=-0.31015628576278687
avg_episodic_length=51.0

[Train] global_step=1070592
avg_episodic_return=-0.39336177706718445
max_episodic_return=-0.32164067029953003
avg_episodic_length=51.0

[Train] global_step=1096704
avg_episodic_return=-0.40098756551742554
max_episodic_return=-0.324765682220459
avg_episodic_length=51.0

--------------------------------------------[test] episodic_return=-0.43500000000000016
avg_episodic_return=-0.4639280000000002
tau_mean=0.07025117739403454
rho_mean=0.09851576994434136
tau_max=0.9560439560439559
rho_max=0.9904973075704783
--------------------------------------------

[Train] global_step=1122816
avg_episodic_return=-0.3980180025100708
max_episodic_return=-0.32398441433906555
avg_episodic_length=51.0

[Train] global_step=1148928
avg_episodic_return=-0.3876453638076782
max_episodic_return=-0.3155078589916229
avg_episodic_length=51.0

[Train] global_step=1175040
avg_episodic_return=-0.3897344470024109
max_episodic_return=-0.31769537925720215
avg_episodic_length=51.0

--------------------------------------------[test] episodic_return=-0.43140000000000006
avg_episodic_return=-0.45941600000000016
tau_mean=0.0723390894819466
rho_mean=0.1003122313226843
tau_max=0.9560439560439559
rho_max=0.9904973075704783
--------------------------------------------

[Train] global_step=1201152
avg_episodic_return=-0.37132972478866577
max_episodic_return=-0.3028125464916229
avg_episodic_length=51.0

[Train] global_step=1227264
avg_episodic_return=-0.3857203722000122
max_episodic_return=-0.31394535303115845
avg_episodic_length=51.0

[Train] global_step=1253376
avg_episodic_return=-0.38971957564353943
max_episodic_return=-0.316953182220459
avg_episodic_length=51.0

--------------------------------------------[test] episodic_return=-0.4356000000000001
avg_episodic_return=-0.4650040000000001
tau_mean=0.07956043956043954
rho_mean=0.10891262048056474
tau_max=0.9560439560439559
rho_max=0.9904973075704783
--------------------------------------------

[Train] global_step=1279488
avg_episodic_return=-0.3904860019683838
max_episodic_return=-0.3164844512939453
avg_episodic_length=51.0

[Train] global_step=1305600
avg_episodic_return=-0.38498133420944214
max_episodic_return=-0.3117969334125519
avg_episodic_length=51.0

[Train] global_step=1331712
avg_episodic_return=-0.4033617675304413
max_episodic_return=-0.3281250596046448
avg_episodic_length=51.0

--------------------------------------------[test] episodic_return=-0.434
avg_episodic_return=-0.4643240000000002
tau_mean=0.0908163265306122
rho_mean=0.12046246436490339
tau_max=0.9560439560439559
rho_max=0.9904973075704783
--------------------------------------------

[Train] global_step=1357824
avg_episodic_return=-0.4000774025917053
max_episodic_return=-0.3250000476837158
avg_episodic_length=51.0

[Train] global_step=1383936
avg_episodic_return=-0.38107895851135254
max_episodic_return=-0.3099610209465027
avg_episodic_length=51.0

[Train] global_step=1410048
avg_episodic_return=-0.3772500455379486
max_episodic_return=-0.3067969083786011
avg_episodic_length=51.0

--------------------------------------------[test] episodic_return=-0.42620000000000013
avg_episodic_return=-0.45965600000000006
tau_mean=0.09240188383045526
rho_mean=0.12035476718403547
tau_max=0.9560439560439559
rho_max=0.9904973075704783
--------------------------------------------

[Train] global_step=1436160
avg_episodic_return=-0.396236777305603
max_episodic_return=-0.3229687809944153
avg_episodic_length=51.0

[Train] global_step=1462272
avg_episodic_return=-0.39680084586143494
max_episodic_return=-0.3235156834125519
avg_episodic_length=51.0

[Train] global_step=1488384
avg_episodic_return=-0.39943522214889526
max_episodic_return=-0.32480475306510925
avg_episodic_length=51.0

--------------------------------------------[test] episodic_return=-0.4242
avg_episodic_return=-0.4602080000000002
tau_mean=0.09216640502354785
rho_mean=0.11979727589483685
tau_max=0.9560439560439559
rho_max=0.9904973075704783
--------------------------------------------

[Train] global_step=1514496
avg_episodic_return=-0.37865787744522095
max_episodic_return=-0.30738288164138794
avg_episodic_length=51.0

[Train] global_step=1540608
avg_episodic_return=-0.37432506680488586
max_episodic_return=-0.30460941791534424
avg_episodic_length=51.0

[Train] global_step=1566720
avg_episodic_return=-0.3802914619445801
max_episodic_return=-0.3083984851837158
avg_episodic_length=51.0

--------------------------------------------[test] episodic_return=-0.4174000000000001
avg_episodic_return=-0.45612400000000014
tau_mean=0.08364207221350077
rho_mean=0.10734422372053035
tau_max=0.9560439560439559
rho_max=0.9904973075704783
--------------------------------------------

[Train] global_step=1592832
avg_episodic_return=-0.3787039518356323
max_episodic_return=-0.3080469071865082
avg_episodic_length=51.0

[Train] global_step=1618944
avg_episodic_return=-0.3841555714607239
max_episodic_return=-0.312070369720459
avg_episodic_length=51.0

[Train] global_step=1645056
avg_episodic_return=-0.39301490783691406
max_episodic_return=-0.31894534826278687
avg_episodic_length=51.0

--------------------------------------------[test] episodic_return=-0.41879999999999995
avg_episodic_return=-0.4550200000000001
tau_mean=0.07803767660910518
rho_mean=0.10127245576722929
tau_max=0.9560439560439559
rho_max=0.9904973075704783
--------------------------------------------

[Train] global_step=1671168
avg_episodic_return=-0.37678131461143494
max_episodic_return=-0.30613285303115845
avg_episodic_length=51.0

[Train] global_step=1697280
avg_episodic_return=-0.3779008388519287
max_episodic_return=-0.3073437809944153
avg_episodic_length=51.0

[Train] global_step=1723392
avg_episodic_return=-0.38652193546295166
max_episodic_return=-0.31417974829673767
avg_episodic_length=51.0

--------------------------------------------[test] episodic_return=-0.40880000000000005
avg_episodic_return=-0.448164
tau_mean=0.0802668759811617
rho_mean=0.10259830761572923
tau_max=0.8963893249607533
rho_max=0.9249739807231095
--------------------------------------------

[Train] global_step=1749504
avg_episodic_return=-0.38330942392349243
max_episodic_return=-0.3115234971046448
avg_episodic_length=51.0

[Train] global_step=1775616
avg_episodic_return=-0.37407898902893066
max_episodic_return=-0.30363285541534424
avg_episodic_length=51.0

[Train] global_step=1801728
avg_episodic_return=-0.40070006251335144
max_episodic_return=-0.32730475068092346
avg_episodic_length=51.0

--------------------------------------------[test] episodic_return=-0.41120000000000007
avg_episodic_return=-0.45346800000000004
tau_mean=0.07945054945054943
rho_mean=0.09899361962079732
tau_max=0.8948194662480375
rho_max=0.9232544459025295
--------------------------------------------

[Train] global_step=1827840
avg_episodic_return=-0.3765750527381897
max_episodic_return=-0.30585944652557373
avg_episodic_length=51.0

[Train] global_step=1853952
avg_episodic_return=-0.3826219439506531
max_episodic_return=-0.3095313012599945
avg_episodic_length=51.0

[Train] global_step=1880064
avg_episodic_return=-0.3652797341346741
max_episodic_return=-0.294492244720459
avg_episodic_length=51.0

--------------------------------------------[test] episodic_return=-0.4042
avg_episodic_return=-0.4435600000000002
tau_mean=0.0826216640502355
rho_mean=0.09979456083985701
tau_max=0.8948194662480375
rho_max=0.9244309697271369
--------------------------------------------

[Train] global_step=1906176
avg_episodic_return=-0.3821469247341156
max_episodic_return=-0.31058597564697266
avg_episodic_length=51.0

[Train] global_step=1932288
avg_episodic_return=-0.37785398960113525
max_episodic_return=-0.3057422637939453
avg_episodic_length=51.0

[Train] global_step=1958400
avg_episodic_return=-0.37376725673675537
max_episodic_return=-0.3039844334125519
avg_episodic_length=51.0

--------------------------------------------[test] episodic_return=-0.3942
avg_episodic_return=-0.43610800000000005
tau_mean=0.08384615384615383
rho_mean=0.09847142404633695
tau_max=0.8963893249607533
rho_max=0.9240689623964885
--------------------------------------------

[Train] global_step=1984512
avg_episodic_return=-0.37260162830352783
max_episodic_return=-0.30218756198883057
avg_episodic_length=51.0

[Train] global_step=2010624
avg_episodic_return=-0.37200862169265747
max_episodic_return=-0.3010156750679016
avg_episodic_length=51.0

[Train] global_step=2036736
avg_episodic_return=-0.3728618025779724
max_episodic_return=-0.3009375333786011
avg_episodic_length=51.0

--------------------------------------------[test] episodic_return=-0.3868
avg_episodic_return=-0.430272
tau_mean=0.09499215070643638
rho_mean=0.11148468256482193
tau_max=0.8979591836734692
rho_max=0.9261505045477172
--------------------------------------------

[Train] global_step=2062848
avg_episodic_return=-0.39289772510528564
max_episodic_return=-0.3184375762939453
avg_episodic_length=51.0

[Train] global_step=2088960
avg_episodic_return=-0.37401723861694336
max_episodic_return=-0.3017578721046448
avg_episodic_length=51.0

[Train] global_step=2115072
avg_episodic_return=-0.36992117762565613
max_episodic_return=-0.2983594536781311
avg_episodic_length=51.0

--------------------------------------------[test] episodic_return=-0.379
avg_episodic_return=-0.42384800000000006
tau_mean=0.09326530612244899
rho_mean=0.10930087334268519
tau_max=0.8963893249607533
rho_max=0.9261505045477172
--------------------------------------------

[Train] global_step=2141184
avg_episodic_return=-0.35657036304473877
max_episodic_return=-0.28843754529953003
avg_episodic_length=51.0

[Train] global_step=2167296
avg_episodic_return=-0.3817617893218994
max_episodic_return=-0.30851566791534424
avg_episodic_length=51.0

[Train] global_step=2193408
avg_episodic_return=-0.3809758424758911
max_episodic_return=-0.30835944414138794
avg_episodic_length=51.0

--------------------------------------------[test] episodic_return=-0.37459999999999993
avg_episodic_return=-0.42073200000000005
tau_mean=0.09295133437990578
rho_mean=0.10751346214760847
tau_max=0.8979591836734692
rho_max=0.9252454862210959
--------------------------------------------

[Train] global_step=2219520
avg_episodic_return=-0.37950241565704346
max_episodic_return=-0.3076953887939453
avg_episodic_length=51.0

[Train] global_step=2245632
avg_episodic_return=-0.36810633540153503
max_episodic_return=-0.2973828613758087
avg_episodic_length=51.0

[Train] global_step=2271744
avg_episodic_return=-0.3713117837905884
max_episodic_return=-0.3007422387599945
avg_episodic_length=51.0

--------------------------------------------[test] episodic_return=-0.37120000000000003
avg_episodic_return=-0.41722800000000004
tau_mean=0.10169544740973309
rho_mean=0.11919000859767406
tau_max=0.8383045525902667
rho_max=0.9251549843884338
--------------------------------------------

[Train] global_step=2297856
avg_episodic_return=-0.3841492533683777
max_episodic_return=-0.31046879291534424
avg_episodic_length=51.0

[Train] global_step=2323968
avg_episodic_return=-0.36697274446487427
max_episodic_return=-0.2968359887599945
avg_episodic_length=51.0

[Train] global_step=2350080
avg_episodic_return=-0.3721485137939453
max_episodic_return=-0.30039069056510925
avg_episodic_length=51.0

--------------------------------------------[test] episodic_return=-0.3714
avg_episodic_return=-0.414628
tau_mean=0.10875981161695446
rho_mean=0.12860853432282005
tau_max=0.8430141287284143
rho_max=0.9246119733924613
--------------------------------------------

[Train] global_step=2376192
avg_episodic_return=-0.36435240507125854
max_episodic_return=-0.2936328649520874
avg_episodic_length=51.0

[Train] global_step=2402304
avg_episodic_return=-0.35475945472717285
max_episodic_return=-0.28617194294929504
avg_episodic_length=51.0

[Train] global_step=2428416
avg_episodic_return=-0.3584211468696594
max_episodic_return=-0.28871098160743713
avg_episodic_length=51.0

--------------------------------------------[test] episodic_return=-0.3632000000000001
avg_episodic_return=-0.40820800000000007
tau_mean=0.10729984301412872
rho_mean=0.12723743155798903
tau_max=0.8445839874411302
rho_max=0.924521471559799
--------------------------------------------

[Train] global_step=2454528
avg_episodic_return=-0.36642271280288696
max_episodic_return=-0.29621100425720215
avg_episodic_length=51.0

[Train] global_step=2480640
avg_episodic_return=-0.3812609910964966
max_episodic_return=-0.30796879529953003
avg_episodic_length=51.0

[Train] global_step=2506752
avg_episodic_return=-0.3617367744445801
max_episodic_return=-0.2919531762599945
avg_episodic_length=51.0

--------------------------------------------[test] episodic_return=-0.35600000000000004
avg_episodic_return=-0.40475200000000017
tau_mean=0.10514913657770798
rho_mean=0.12492329969681887
tau_max=0.9058084772370485
rho_max=0.9234354495678536
--------------------------------------------

[Train] global_step=2532864
avg_episodic_return=-0.3658773899078369
max_episodic_return=-0.2957422137260437
avg_episodic_length=51.0

[Train] global_step=2558976
avg_episodic_return=-0.3673766255378723
max_episodic_return=-0.29750004410743713
avg_episodic_length=51.0

[Train] global_step=2585088
avg_episodic_return=-0.3591289520263672
max_episodic_return=-0.28910160064697266
avg_episodic_length=51.0

--------------------------------------------[test] episodic_return=-0.35760000000000003
avg_episodic_return=-0.40194
tau_mean=0.10899529042386184
rho_mean=0.12983302411873837
tau_max=0.9058084772370485
rho_max=0.9233449477351916
--------------------------------------------

[Train] global_step=2611200
avg_episodic_return=-0.35876020789146423
max_episodic_return=-0.2890625596046448
avg_episodic_length=51.0

[Train] global_step=2637312
avg_episodic_return=-0.34618210792541504
max_episodic_return=-0.27839845418930054
avg_episodic_length=51.0

[Train] global_step=2663424
avg_episodic_return=-0.37190866470336914
max_episodic_return=-0.30125004053115845
avg_episodic_length=51.0

--------------------------------------------[test] episodic_return=-0.354
avg_episodic_return=-0.40141200000000005
tau_mean=0.11910518053375194
rho_mean=0.14440562921399158
tau_max=0.9058084772370485
rho_max=0.9234354495678536
--------------------------------------------

[Train] global_step=2689536
avg_episodic_return=-0.3513711392879486
max_episodic_return=-0.2842969298362732
avg_episodic_length=51.0

[Train] global_step=2715648
avg_episodic_return=-0.35322898626327515
max_episodic_return=-0.2860938012599945
avg_episodic_length=51.0

[Train] global_step=2741760
avg_episodic_return=-0.3626672625541687
max_episodic_return=-0.29425787925720215
avg_episodic_length=51.0

--------------------------------------------[test] episodic_return=-0.35
avg_episodic_return=-0.39804400000000006
tau_mean=0.13200941915227626
rho_mean=0.15899814471243037
tau_max=0.9058084772370485
rho_max=0.9237974568985021
--------------------------------------------

[Train] global_step=2767872
avg_episodic_return=-0.3539485037326813
max_episodic_return=-0.2872266173362732
avg_episodic_length=51.0

[Train] global_step=2793984
avg_episodic_return=-0.3619297444820404
max_episodic_return=-0.29218754172325134
avg_episodic_length=51.0

[Train] global_step=2820096
avg_episodic_return=-0.34813520312309265
max_episodic_return=-0.2819141149520874
avg_episodic_length=51.0

--------------------------------------------[test] episodic_return=-0.3496
avg_episodic_return=-0.394668
tau_mean=0.14058084772370485
rho_mean=0.17063215530114484
tau_max=0.9058084772370485
rho_max=0.9237974568985021
--------------------------------------------

[Train] global_step=2846208
avg_episodic_return=-0.36194849014282227
max_episodic_return=-0.2926172614097595
avg_episodic_length=51.0

[Train] global_step=2872320
avg_episodic_return=-0.3541406989097595
max_episodic_return=-0.2867969274520874
avg_episodic_length=51.0

[Train] global_step=2898432
avg_episodic_return=-0.34471333026885986
max_episodic_return=-0.27921879291534424
avg_episodic_length=51.0

--------------------------------------------[test] episodic_return=-0.3444
avg_episodic_return=-0.3907800000000001
tau_mean=0.14072213500784925
rho_mean=0.17093624145888953
tau_max=0.9042386185243326
rho_max=0.924521471559799
--------------------------------------------

[Train] global_step=2924544
avg_episodic_return=-0.3456820845603943
max_episodic_return=-0.28101566433906555
avg_episodic_length=51.0

[Train] global_step=2950656
avg_episodic_return=-0.3503281772136688
max_episodic_return=-0.28382816910743713
avg_episodic_length=51.0

[Train] global_step=2976768
avg_episodic_return=-0.3462297320365906
max_episodic_return=-0.28085941076278687
avg_episodic_length=51.0

--------------------------------------------[test] episodic_return=-0.3384
avg_episodic_return=-0.3861840000000001
tau_mean=0.14714285714285713
rho_mean=0.17877822525906148
tau_max=0.9042386185243326
rho_max=0.924521471559799
--------------------------------------------

[Train] global_step=3002880
avg_episodic_return=-0.3496328592300415
max_episodic_return=-0.28199219703674316
avg_episodic_length=51.0

[Train] global_step=3028992
avg_episodic_return=-0.3434578776359558
max_episodic_return=-0.2785547375679016
avg_episodic_length=51.0

[Train] global_step=3055104
avg_episodic_return=-0.36452192068099976
max_episodic_return=-0.2956250309944153
avg_episodic_length=51.0

--------------------------------------------[test] episodic_return=-0.3373999999999999
avg_episodic_return=-0.384216
tau_mean=0.1526373626373626
rho_mean=0.18762025431014975
tau_max=0.9058084772370485
rho_max=0.9239784605638264
--------------------------------------------

[Train] global_step=3081216
avg_episodic_return=-0.35880085825920105
max_episodic_return=-0.29089850187301636
avg_episodic_length=51.0

[Train] global_step=3107328
avg_episodic_return=-0.3420282006263733
max_episodic_return=-0.2771875262260437
avg_episodic_length=51.0

[Train] global_step=3133440
avg_episodic_return=-0.335635244846344
max_episodic_return=-0.27183598279953003
avg_episodic_length=51.0

--------------------------------------------[test] episodic_return=-0.3404
avg_episodic_return=-0.3864160000000001
tau_mean=0.15748822605965462
rho_mean=0.19334449522602828
tau_max=0.9058084772370485
rho_max=0.9246119733924613
--------------------------------------------

[Train] global_step=3159552
avg_episodic_return=-0.3351672291755676
max_episodic_return=-0.27125003933906555
avg_episodic_length=51.0

[Train] global_step=3185664
avg_episodic_return=-0.3412453532218933
max_episodic_return=-0.2753515839576721
avg_episodic_length=51.0

[Train] global_step=3211776
avg_episodic_return=-0.35075709223747253
max_episodic_return=-0.28382813930511475
avg_episodic_length=51.0

--------------------------------------------[test] episodic_return=-0.33580000000000004
avg_episodic_return=-0.38541200000000003
tau_mean=0.1558241758241758
rho_mean=0.1911045748676411
tau_max=0.9042386185243326
rho_max=0.9246119733924613
--------------------------------------------

[Train] global_step=3237888
avg_episodic_return=-0.3427352011203766
max_episodic_return=-0.27753907442092896
avg_episodic_length=51.0

[Train] global_step=3264000
avg_episodic_return=-0.32911333441734314
max_episodic_return=-0.26570314168930054
avg_episodic_length=51.0

[Train] global_step=3290112
avg_episodic_return=-0.3511922359466553
max_episodic_return=-0.28351569175720215
avg_episodic_length=51.0

--------------------------------------------[test] episodic_return=-0.3391999999999999
avg_episodic_return=-0.38580400000000004
tau_mean=0.15659340659340656
rho_mean=0.19215349110819496
tau_max=0.9058084772370485
rho_max=0.9246119733924613
--------------------------------------------

[Train] global_step=3316224
avg_episodic_return=-0.3435664772987366
max_episodic_return=-0.2780078649520874
avg_episodic_length=51.0

[Train] global_step=3342336
avg_episodic_return=-0.3334711194038391
max_episodic_return=-0.27000004053115845
avg_episodic_length=51.0

[Train] global_step=3368448
avg_episodic_return=-0.34562504291534424
max_episodic_return=-0.2800781726837158
avg_episodic_length=51.0

--------------------------------------------[test] episodic_return=-0.3389999999999999
avg_episodic_return=-0.3859120000000001
tau_mean=0.1544270015698587
rho_mean=0.18795149101769312
tau_max=0.8492935635792778
rho_max=0.9242499660618126
--------------------------------------------

[Train] global_step=3394560
avg_episodic_return=-0.3296516239643097
max_episodic_return=-0.2654687762260437
avg_episodic_length=51.0

[Train] global_step=3420672
avg_episodic_return=-0.33732661604881287
max_episodic_return=-0.27265626192092896
avg_episodic_length=51.0

[Train] global_step=3446784
avg_episodic_return=-0.34593677520751953
max_episodic_return=-0.2797265946865082
avg_episodic_length=51.0

--------------------------------------------[test] episodic_return=-0.33199999999999996
avg_episodic_return=-0.38148000000000004
tau_mean=0.15007849293563577
rho_mean=0.18307525227385857
tau_max=0.8492935635792778
rho_max=0.9246119733924613
--------------------------------------------

[Train] global_step=3472896
avg_episodic_return=-0.3350750803947449
max_episodic_return=-0.27054691314697266
avg_episodic_length=51.0

[Train] global_step=3499008
avg_episodic_return=-0.34590238332748413
max_episodic_return=-0.27894532680511475
avg_episodic_length=51.0

[Train] global_step=3525120
avg_episodic_return=-0.32170552015304565
max_episodic_return=-0.2600390911102295
avg_episodic_length=51.0

--------------------------------------------[test] episodic_return=-0.33199999999999996
avg_episodic_return=-0.378892
tau_mean=0.15959183673469388
rho_mean=0.19478799945698902
tau_max=0.8508634222919936
rho_max=0.9246119733924613
--------------------------------------------

[Train] global_step=3551232
avg_episodic_return=-0.33904537558555603
max_episodic_return=-0.27488285303115845
avg_episodic_length=51.0

[Train] global_step=3577344
avg_episodic_return=-0.3285789489746094
max_episodic_return=-0.26550784707069397
avg_episodic_length=51.0

[Train] global_step=3603456
avg_episodic_return=-0.3431922495365143
max_episodic_return=-0.2776172161102295
avg_episodic_length=51.0

--------------------------------------------[test] episodic_return=-0.3261999999999999
avg_episodic_return=-0.37426400000000015
tau_mean=0.16444270015698584
rho_mean=0.20048146974976241
tau_max=0.8508634222919936
rho_max=0.9246119733924613
--------------------------------------------

[Train] global_step=3629568
avg_episodic_return=-0.3463922441005707
max_episodic_return=-0.2792578339576721
avg_episodic_length=51.0

[Train] global_step=3655680
avg_episodic_return=-0.320328950881958
max_episodic_return=-0.2589062750339508
avg_episodic_length=51.0

[Train] global_step=3681792
avg_episodic_return=-0.33418363332748413
max_episodic_return=-0.2700781524181366
avg_episodic_length=51.0

--------------------------------------------[test] episodic_return=-0.3248
avg_episodic_return=-0.37307200000000007
tau_mean=0.16058084772370484
rho_mean=0.19668582288791345
tau_max=0.8508634222919936
rho_max=0.9240689623964885
--------------------------------------------

[Train] global_step=3707904
avg_episodic_return=-0.350826621055603
max_episodic_return=-0.2817969024181366
avg_episodic_length=51.0

