[Train] global_step=26112
avg_episodic_return=-0.456101655960083
max_episodic_return=-0.3692188262939453
avg_episodic_length=51.0

[Train] global_step=52224
avg_episodic_return=-0.457703173160553
max_episodic_return=-0.36988288164138794
avg_episodic_length=51.0

[Train] global_step=78336
avg_episodic_return=-0.46241647005081177
max_episodic_return=-0.3735547661781311
avg_episodic_length=51.0

--------------------------------------------[test] episodic_return=-0.40980000000000005
avg_episodic_return=-0.43828
tau_mean=-0.16356357927786497
rho_mean=-0.20592243992940854
tau_max=0.3846153846153845
rho_max=0.6105706140549346
--------------------------------------------

[Train] global_step=104448
avg_episodic_return=-0.4535110294818878
max_episodic_return=-0.3653516173362732
avg_episodic_length=51.0

[Train] global_step=130560
avg_episodic_return=-0.453521192073822
max_episodic_return=-0.36414068937301636
avg_episodic_length=51.0

[Train] global_step=156672
avg_episodic_return=-0.4584125876426697
max_episodic_return=-0.36988288164138794
avg_episodic_length=51.0

--------------------------------------------[test] episodic_return=-0.33720000000000006
avg_episodic_return=-0.36723999999999996
tau_mean=0.19907378335949766
rho_mean=0.2596995339155618
tau_max=0.5337519623233907
rho_max=0.6969093624145889
--------------------------------------------

[Train] global_step=182784
avg_episodic_return=-0.4581618010997772
max_episodic_return=-0.3695313036441803
avg_episodic_length=51.0

[Train] global_step=208896
avg_episodic_return=-0.4626188278198242
max_episodic_return=-0.37445318698883057
avg_episodic_length=51.0

[Train] global_step=235008
avg_episodic_return=-0.4608805477619171
max_episodic_return=-0.37324225902557373
avg_episodic_length=51.0

--------------------------------------------[test] episodic_return=-0.33039999999999997
avg_episodic_return=-0.3590320000000001
tau_mean=0.19483516483516478
rho_mean=0.2571491922711435
tau_max=0.5871271585557299
rho_max=0.6783564867188561
--------------------------------------------

[Train] global_step=261120
avg_episodic_return=-0.45609381794929504
max_episodic_return=-0.36597663164138794
avg_episodic_length=51.0

[Train] global_step=287232
avg_episodic_return=-0.45994070172309875
max_episodic_return=-0.3724219799041748
avg_episodic_length=51.0

[Train] global_step=313344
avg_episodic_return=-0.4498485028743744
max_episodic_return=-0.3616016209125519
avg_episodic_length=51.0

--------------------------------------------[test] episodic_return=-0.32419999999999993
avg_episodic_return=-0.35238400000000003
tau_mean=0.17425431711145997
rho_mean=0.2222471605050002
tau_max=0.5117739403453688
rho_max=0.5822435404316937
--------------------------------------------

[Train] global_step=339456
avg_episodic_return=-0.46293365955352783
max_episodic_return=-0.3738672733306885
avg_episodic_length=51.0

[Train] global_step=365568
avg_episodic_return=-0.459713339805603
max_episodic_return=-0.3709375560283661
avg_episodic_length=51.0

[Train] global_step=391680
avg_episodic_return=-0.4588446021080017
max_episodic_return=-0.36941415071487427
avg_episodic_length=51.0

--------------------------------------------[test] episodic_return=-0.321
avg_episodic_return=-0.34744400000000014
tau_mean=0.17323390894819465
rho_mean=0.22298837051450288
tau_max=0.4678178963893249
rho_max=0.6008869179600886
--------------------------------------------

[Train] global_step=417792
avg_episodic_return=-0.4547242820262909
max_episodic_return=-0.3656250834465027
avg_episodic_length=51.0

[Train] global_step=443904
avg_episodic_return=-0.4499961733818054
max_episodic_return=-0.3586328625679016
avg_episodic_length=51.0

[Train] global_step=470016
avg_episodic_return=-0.4521688222885132
max_episodic_return=-0.36300787329673767
avg_episodic_length=51.0

--------------------------------------------[test] episodic_return=-0.32880000000000004
avg_episodic_return=-0.35531200000000007
tau_mean=0.16555729984301412
rho_mean=0.2118267794922847
tau_max=0.4646781789638932
rho_max=0.647495361781076
--------------------------------------------

[Train] global_step=496128
avg_episodic_return=-0.45289385318756104
max_episodic_return=-0.3625391125679016
avg_episodic_length=51.0

[Train] global_step=522240
avg_episodic_return=-0.4529930353164673
max_episodic_return=-0.3631250858306885
avg_episodic_length=51.0

[Train] global_step=548352
avg_episodic_return=-0.45120084285736084
max_episodic_return=-0.3626953959465027
avg_episodic_length=51.0

--------------------------------------------[test] episodic_return=-0.327
avg_episodic_return=-0.35538000000000003
tau_mean=0.189309262166405
rho_mean=0.23673650391420423
tau_max=0.5478806907378335
rho_max=0.727860989185031
--------------------------------------------

[Train] global_step=574464
avg_episodic_return=-0.45012977719306946
max_episodic_return=-0.3603516221046448
avg_episodic_length=51.0

[Train] global_step=600576
avg_episodic_return=-0.4398844540119171
max_episodic_return=-0.35078132152557373
avg_episodic_length=51.0

[Train] global_step=626688
avg_episodic_return=-0.44202274084091187
max_episodic_return=-0.35230475664138794
avg_episodic_length=51.0

--------------------------------------------[test] episodic_return=-0.321
avg_episodic_return=-0.3533080000000002
tau_mean=0.21323390894819458
rho_mean=0.2645042762115932
tau_max=0.618524332810047
rho_max=0.7828861034435947
--------------------------------------------

[Train] global_step=652800
avg_episodic_return=-0.44042664766311646
max_episodic_return=-0.3522266149520874
avg_episodic_length=51.0

[Train] global_step=678912
avg_episodic_return=-0.4377070963382721
max_episodic_return=-0.3474609851837158
avg_episodic_length=51.0

[Train] global_step=705024
avg_episodic_return=-0.43970319628715515
max_episodic_return=-0.3513672351837158
avg_episodic_length=51.0

--------------------------------------------[test] episodic_return=-0.3202
avg_episodic_return=-0.35427600000000015
tau_mean=0.225353218210361
rho_mean=0.27788587718901303
tau_max=0.6483516483516483
rho_max=0.8161002760305895
--------------------------------------------

[Train] global_step=731136
avg_episodic_return=-0.43884149193763733
max_episodic_return=-0.3485938012599945
avg_episodic_length=51.0

[Train] global_step=757248
avg_episodic_return=-0.435934454202652
max_episodic_return=-0.347226619720459
avg_episodic_length=51.0

[Train] global_step=783360
avg_episodic_return=-0.4354391396045685
max_episodic_return=-0.3470703959465027
avg_episodic_length=51.0

--------------------------------------------[test] episodic_return=-0.32000000000000006
avg_episodic_return=-0.355208
tau_mean=0.22797488226059648
rho_mean=0.2795809765147744
tau_max=0.6718995290423861
rho_max=0.8389972396941038
--------------------------------------------

[Train] global_step=809472
avg_episodic_return=-0.4350399076938629
max_episodic_return=-0.3453906774520874
avg_episodic_length=51.0

[Train] global_step=835584
avg_episodic_return=-0.42826178669929504
max_episodic_return=-0.3401172459125519
avg_episodic_length=51.0

[Train] global_step=861696
avg_episodic_return=-0.4221172630786896
max_episodic_return=-0.3342188000679016
avg_episodic_length=51.0

--------------------------------------------[test] episodic_return=-0.3081999999999999
avg_episodic_return=-0.34349200000000013
tau_mean=0.23886970172684452
rho_mean=0.29148015747318884
tau_max=0.6813186813186812
rho_max=0.8451513643151274
--------------------------------------------

[Train] global_step=887808
avg_episodic_return=-0.42448288202285767
max_episodic_return=-0.33761724829673767
avg_episodic_length=51.0

[Train] global_step=913920
avg_episodic_return=-0.41500476002693176
max_episodic_return=-0.3294922411441803
avg_episodic_length=51.0

[Train] global_step=940032
avg_episodic_return=-0.42218834161758423
max_episodic_return=-0.33472663164138794
avg_episodic_length=51.0

--------------------------------------------[test] episodic_return=-0.301
avg_episodic_return=-0.3404
tau_mean=0.25160125588697013
rho_mean=0.307184940495045
tau_max=0.7127158555729983
rho_max=0.8752884745916104
--------------------------------------------

[Train] global_step=966144
avg_episodic_return=-0.4102742671966553
max_episodic_return=-0.32566410303115845
avg_episodic_length=51.0

[Train] global_step=992256
avg_episodic_return=-0.4080703854560852
max_episodic_return=-0.3222656846046448
avg_episodic_length=51.0

[Train] global_step=1018368
avg_episodic_return=-0.4024055302143097
max_episodic_return=-0.3171875476837158
avg_episodic_length=51.0

--------------------------------------------[test] episodic_return=-0.29
avg_episodic_return=-0.332008
tau_mean=0.26138147566718983
rho_mean=0.31857369111724515
tau_max=0.7299843014128727
rho_max=0.8906737861441694
--------------------------------------------

[Train] global_step=1044480
avg_episodic_return=-0.4038594365119934
max_episodic_return=-0.31855472922325134
avg_episodic_length=51.0

[Train] global_step=1070592
avg_episodic_return=-0.4029422402381897
max_episodic_return=-0.315976619720459
avg_episodic_length=51.0

[Train] global_step=1096704
avg_episodic_return=-0.3889992833137512
max_episodic_return=-0.30519533157348633
avg_episodic_length=51.0

--------------------------------------------[test] episodic_return=-0.2786
avg_episodic_return=-0.31881600000000004
tau_mean=0.2602197802197802
rho_mean=0.3161048011222227
tau_max=0.726844583987441
rho_max=0.8872347165030091
--------------------------------------------

[Train] global_step=1122816
avg_episodic_return=-0.39318209886550903
max_episodic_return=-0.3098047077655792
avg_episodic_length=51.0

[Train] global_step=1148928
avg_episodic_return=-0.39142975211143494
max_episodic_return=-0.3078516125679016
avg_episodic_length=51.0

[Train] global_step=1175040
avg_episodic_return=-0.38990318775177
max_episodic_return=-0.3041406571865082
avg_episodic_length=51.0

--------------------------------------------[test] episodic_return=-0.26859999999999995
avg_episodic_return=-0.309856
tau_mean=0.26037676609105176
rho_mean=0.3135155436897597
tau_max=0.7221350078492935
rho_max=0.8835241413638626
--------------------------------------------

[Train] global_step=1201152
avg_episodic_return=-0.3812313377857208
max_episodic_return=-0.29761719703674316
avg_episodic_length=51.0

[Train] global_step=1227264
avg_episodic_return=-0.36706334352493286
max_episodic_return=-0.28398439288139343
avg_episodic_length=51.0

[Train] global_step=1253376
avg_episodic_return=-0.37740474939346313
max_episodic_return=-0.2948828339576721
avg_episodic_length=51.0

--------------------------------------------[test] episodic_return=-0.2578
avg_episodic_return=-0.302112
tau_mean=0.2625117739403453
rho_mean=0.3150169690936241
tau_max=0.6954474097331239
rho_max=0.8542920494140006
--------------------------------------------

[Train] global_step=1279488
avg_episodic_return=-0.3663148880004883
max_episodic_return=-0.28425782918930054
avg_episodic_length=51.0

[Train] global_step=1305600
avg_episodic_return=-0.37195003032684326
max_episodic_return=-0.2913281321525574
avg_episodic_length=51.0

[Train] global_step=1331712
avg_episodic_return=-0.37192973494529724
max_episodic_return=-0.29218751192092896
avg_episodic_length=51.0

--------------------------------------------[test] episodic_return=-0.256
avg_episodic_return=-0.297372
tau_mean=0.2598901098901099
rho_mean=0.31313634101090543
tau_max=0.6844583987441129
rho_max=0.853025023756731
--------------------------------------------

[Train] global_step=1357824
avg_episodic_return=-0.3659297227859497
max_episodic_return=-0.2861328125
avg_episodic_length=51.0

[Train] global_step=1383936
avg_episodic_return=-0.365676611661911
max_episodic_return=-0.2864062488079071
avg_episodic_length=51.0

[Train] global_step=1410048
avg_episodic_return=-0.35521721839904785
max_episodic_return=-0.27753907442092896
avg_episodic_length=51.0

--------------------------------------------[test] episodic_return=-0.251
avg_episodic_return=-0.295032
tau_mean=0.2602354788069074
rho_mean=0.3138694058554686
tau_max=0.6781789638932495
rho_max=0.8452418661477894
--------------------------------------------

[Train] global_step=1436160
avg_episodic_return=-0.3520195782184601
max_episodic_return=-0.27519533038139343
avg_episodic_length=51.0

[Train] global_step=1462272
avg_episodic_return=-0.34892892837524414
max_episodic_return=-0.2720312476158142
avg_episodic_length=51.0

[Train] global_step=1488384
avg_episodic_return=-0.34218519926071167
max_episodic_return=-0.2668750286102295
avg_episodic_length=51.0

--------------------------------------------[test] episodic_return=-0.2464
avg_episodic_return=-0.291268
tau_mean=0.27850863422291994
rho_mean=0.33519344766731524
tau_max=0.7566718995290422
rho_max=0.9085931490112674
--------------------------------------------

[Train] global_step=1514496
avg_episodic_return=-0.34328126907348633
max_episodic_return=-0.26781249046325684
avg_episodic_length=51.0

[Train] global_step=1540608
avg_episodic_return=-0.33926957845687866
max_episodic_return=-0.26523441076278687
avg_episodic_length=51.0

[Train] global_step=1566720
avg_episodic_return=-0.332110196352005
max_episodic_return=-0.25855469703674316
avg_episodic_length=51.0

--------------------------------------------[test] episodic_return=-0.24540000000000003
avg_episodic_return=-0.28957200000000005
tau_mean=0.2794662480376766
rho_mean=0.3364686184895245
tau_max=0.759811616954474
rho_max=0.9097696728358748
--------------------------------------------

[Train] global_step=1592832
avg_episodic_return=-0.33823052048683167
max_episodic_return=-0.2650390863418579
avg_episodic_length=51.0

[Train] global_step=1618944
avg_episodic_return=-0.3248789310455322
max_episodic_return=-0.2534765601158142
avg_episodic_length=51.0

[Train] global_step=1645056
avg_episodic_return=-0.32498985528945923
max_episodic_return=-0.2546094059944153
avg_episodic_length=51.0

--------------------------------------------[test] episodic_return=-0.24059999999999998
avg_episodic_return=-0.28374
tau_mean=0.28979591836734686
rho_mean=0.3478302185619259
tau_max=0.781789638932496
rho_max=0.9239784605638264
--------------------------------------------

[Train] global_step=1671168
avg_episodic_return=-0.33222973346710205
max_episodic_return=-0.26164066791534424
avg_episodic_length=51.0

[Train] global_step=1697280
avg_episodic_return=-0.3194539248943329
max_episodic_return=-0.24812501668930054
avg_episodic_length=51.0

[Train] global_step=1723392
avg_episodic_return=-0.32212111353874207
max_episodic_return=-0.25214844942092896
avg_episodic_length=51.0

--------------------------------------------[test] episodic_return=-0.23540000000000003
avg_episodic_return=-0.27993599999999996
tau_mean=0.29891679748822597
rho_mean=0.35595818815331
tau_max=0.8210361067503923
rho_max=0.9453368930720847
--------------------------------------------

[Train] global_step=1749504
avg_episodic_return=-0.31555551290512085
max_episodic_return=-0.24695314466953278
avg_episodic_length=51.0

[Train] global_step=1775616
avg_episodic_return=-0.31990939378738403
max_episodic_return=-0.25117188692092896
avg_episodic_length=51.0

[Train] global_step=1801728
avg_episodic_return=-0.31326645612716675
max_episodic_return=-0.24445313215255737
avg_episodic_length=51.0

--------------------------------------------[test] episodic_return=-0.23440000000000003
avg_episodic_return=-0.276664
tau_mean=0.3001726844583987
rho_mean=0.3593474817865061
tau_max=0.8100470957613813
rho_max=0.9372822299651568
--------------------------------------------

[Train] global_step=1827840
avg_episodic_return=-0.3167312741279602
max_episodic_return=-0.24750001728534698
avg_episodic_length=51.0

[Train] global_step=1853952
avg_episodic_return=-0.309905469417572
max_episodic_return=-0.24285157024860382
avg_episodic_length=51.0

[Train] global_step=1880064
avg_episodic_return=-0.3064429759979248
max_episodic_return=-0.2405078113079071
avg_episodic_length=51.0

--------------------------------------------[test] episodic_return=-0.23180000000000003
avg_episodic_return=-0.273568
tau_mean=0.3024332810047095
rho_mean=0.35988053758088606
tau_max=0.7864992150706435
rho_max=0.9208108964206525
--------------------------------------------

[Train] global_step=1906176
avg_episodic_return=-0.3078172206878662
max_episodic_return=-0.24117188155651093
avg_episodic_length=51.0

[Train] global_step=1932288
avg_episodic_return=-0.3036898672580719
max_episodic_return=-0.23761719465255737
avg_episodic_length=51.0

[Train] global_step=1958400
avg_episodic_return=-0.30312347412109375
max_episodic_return=-0.23707032203674316
avg_episodic_length=51.0

--------------------------------------------[test] episodic_return=-0.22940000000000002
avg_episodic_return=-0.27214
tau_mean=0.3050078492935635
rho_mean=0.36298565545952305
tau_max=0.7660910518053373
rho_max=0.9202678854246799
--------------------------------------------

[Train] global_step=1984512
avg_episodic_return=-0.29827579855918884
max_episodic_return=-0.2336718887090683
avg_episodic_length=51.0

[Train] global_step=2010624
avg_episodic_return=-0.29565078020095825
max_episodic_return=-0.23191407322883606
avg_episodic_length=51.0

[Train] global_step=2036736
avg_episodic_return=-0.2970679998397827
max_episodic_return=-0.2328515648841858
avg_episodic_length=51.0

--------------------------------------------[test] episodic_return=-0.226
avg_episodic_return=-0.270324
tau_mean=0.3042857142857142
rho_mean=0.36214036834245894
tau_max=0.770800627943485
rho_max=0.920448889090004
--------------------------------------------

[Train] global_step=2062848
avg_episodic_return=-0.2921265959739685
max_episodic_return=-0.22929689288139343
avg_episodic_length=51.0

[Train] global_step=2088960
avg_episodic_return=-0.2943953275680542
max_episodic_return=-0.23160158097743988
avg_episodic_length=51.0

[Train] global_step=2115072
avg_episodic_return=-0.2918359339237213
max_episodic_return=-0.22968751192092896
avg_episodic_length=51.0

--------------------------------------------[test] episodic_return=-0.22560000000000005
avg_episodic_return=-0.269604
tau_mean=0.3025274725274725
rho_mean=0.3592506448255577
tau_max=0.7551020408163264
rho_max=0.8999954749083668
--------------------------------------------

[Train] global_step=2141184
avg_episodic_return=-0.29726332426071167
max_episodic_return=-0.23582032322883606
avg_episodic_length=51.0

[Train] global_step=2167296
avg_episodic_return=-0.2892078459262848
max_episodic_return=-0.22734375298023224
avg_episodic_length=51.0

[Train] global_step=2193408
avg_episodic_return=-0.29153281450271606
max_episodic_return=-0.23113283514976501
avg_episodic_length=51.0

--------------------------------------------[test] episodic_return=-0.22460000000000005
avg_episodic_return=-0.268164
tau_mean=0.3079748822605965
rho_mean=0.36406353228652877
tau_max=0.7551020408163264
rho_max=0.8999954749083668
--------------------------------------------

[Train] global_step=2219520
avg_episodic_return=-0.2925007939338684
max_episodic_return=-0.23109376430511475
avg_episodic_length=51.0

[Train] global_step=2245632
avg_episodic_return=-0.2787047028541565
max_episodic_return=-0.22101563215255737
avg_episodic_length=51.0

[Train] global_step=2271744
avg_episodic_return=-0.28421956300735474
max_episodic_return=-0.22503907978534698
avg_episodic_length=51.0

--------------------------------------------[test] episodic_return=-0.22220000000000004
avg_episodic_return=-0.267512
tau_mean=0.3019780219780219
rho_mean=0.3548196750984207
tau_max=0.7582417582417581
rho_max=0.9007194895696637
--------------------------------------------

[Train] global_step=2297856
avg_episodic_return=-0.2901429831981659
max_episodic_return=-0.22914063930511475
avg_episodic_length=51.0

[Train] global_step=2323968
avg_episodic_return=-0.2837328314781189
max_episodic_return=-0.2257421910762787
avg_episodic_length=51.0

[Train] global_step=2350080
avg_episodic_return=-0.2839914560317993
max_episodic_return=-0.22714844346046448
avg_episodic_length=51.0

--------------------------------------------[test] episodic_return=-0.2188
avg_episodic_return=-0.266384
tau_mean=0.3042857142857142
rho_mean=0.35878275035069457
tau_max=0.7582417582417581
rho_max=0.9007194895696637
--------------------------------------------

[Train] global_step=2376192
avg_episodic_return=-0.2796250283718109
max_episodic_return=-0.2214062660932541
avg_episodic_length=51.0

[Train] global_step=2402304
avg_episodic_return=-0.28753674030303955
max_episodic_return=-0.23007813096046448
avg_episodic_length=51.0

[Train] global_step=2428416
avg_episodic_return=-0.2899554967880249
max_episodic_return=-0.2317187488079071
avg_episodic_length=51.0

--------------------------------------------[test] episodic_return=-0.2192
avg_episodic_return=-0.26511999999999997
tau_mean=0.3075039246467818
rho_mean=0.3609909950676501
tau_max=0.7645211930926215
rho_max=0.906511606860039
--------------------------------------------

[Train] global_step=2454528
avg_episodic_return=-0.2837187647819519
max_episodic_return=-0.22648438811302185
avg_episodic_length=51.0

[Train] global_step=2480640
avg_episodic_return=-0.2806132733821869
max_episodic_return=-0.22484377026557922
avg_episodic_length=51.0

[Train] global_step=2506752
avg_episodic_return=-0.2790062725543976
max_episodic_return=-0.22218751907348633
avg_episodic_length=51.0

--------------------------------------------[test] episodic_return=-0.21720000000000003
avg_episodic_return=-0.263844
tau_mean=0.325353218210361
rho_mean=0.38185347753292
tau_max=0.7927786499215069
rho_max=0.9268745192090141
--------------------------------------------

[Train] global_step=2532864
avg_episodic_return=-0.2809492349624634
max_episodic_return=-0.22402344644069672
avg_episodic_length=51.0

[Train] global_step=2558976
avg_episodic_return=-0.28259924054145813
max_episodic_return=-0.22609376907348633
avg_episodic_length=51.0

[Train] global_step=2585088
avg_episodic_return=-0.27302736043930054
max_episodic_return=-0.21839845180511475
avg_episodic_length=51.0

--------------------------------------------[test] episodic_return=-0.21960000000000002
avg_episodic_return=-0.26370400000000005
tau_mean=0.3301255886970172
rho_mean=0.38990633060319474
tau_max=0.8100470957613813
rho_max=0.9338431603239966
--------------------------------------------

[Train] global_step=2611200
avg_episodic_return=-0.27157267928123474
max_episodic_return=-0.21738281846046448
avg_episodic_length=51.0

[Train] global_step=2637312
avg_episodic_return=-0.26930391788482666
max_episodic_return=-0.21558594703674316
avg_episodic_length=51.0

